Added Pin To Net: NetName=PA0 Pin=U5-10
Added Pin To Net: NetName=PA0 Pin=U6-10
Added Net: Name=PA0
Added Pin To Net: NetName=PA1 Pin=U5-11
Added Pin To Net: NetName=PA1 Pin=U6-11
Added Net: Name=PA1
Added Pin To Net: NetName=PA4 Pin=U5-14
Added Pin To Net: NetName=PA4 Pin=U6-14
Added Net: Name=PA4
Added Pin To Net: NetName=PA5 Pin=U5-15
Added Pin To Net: NetName=PA5 Pin=U6-15
Added Net: Name=PA5
Added Pin To Net: NetName=PA6 Pin=U5-16
Added Pin To Net: NetName=PA6 Pin=U6-16
Added Net: Name=PA6
Added Pin To Net: NetName=PA7 Pin=U5-17
Added Pin To Net: NetName=PA7 Pin=U6-17
Added Net: Name=PA7
Added Pin To Net: NetName=PA8 Pin=U5-29
Added Pin To Net: NetName=PA8 Pin=U6-29
Added Net: Name=PA8
Added Pin To Net: NetName=PA10 Pin=U5-21
Added Pin To Net: NetName=PA10 Pin=U6-21
Added Net: Name=PA10
Added Pin To Net: NetName=PA11 Pin=U5-22
Added Pin To Net: NetName=PA11 Pin=U6-22
Added Net: Name=PA11
Added Pin To Net: NetName=PA14 Pin=U5-27
Added Pin To Net: NetName=PA14 Pin=U6-27
Added Net: Name=PA14
Added Pin To Net: NetName=PA15 Pin=U5-28
Added Pin To Net: NetName=PA15 Pin=U5-38
Added Pin To Net: NetName=PA15 Pin=U6-28
Added Pin To Net: NetName=PA15 Pin=U6-38
Added Net: Name=PA15
Added Pin To Net: NetName=PB0 Pin=U5-18
Added Pin To Net: NetName=PB0 Pin=U6-18
Added Net: Name=PB0
Added Pin To Net: NetName=PB1 Pin=U5-19
Added Pin To Net: NetName=PB1 Pin=U6-19
Added Net: Name=PB1
Added Pin To Net: NetName=PB2 Pin=U5-20
Added Pin To Net: NetName=PB2 Pin=U6-20
Added Net: Name=PB2
Added Pin To Net: NetName=PB3 Pin=U5-39
Added Pin To Net: NetName=PB3 Pin=U6-39
Added Net: Name=PB3
Added Pin To Net: NetName=PB4 Pin=U5-40
Added Pin To Net: NetName=PB4 Pin=U6-40
Added Net: Name=PB4
Added Pin To Net: NetName=PB5 Pin=U5-41
Added Pin To Net: NetName=PB5 Pin=U6-41
Added Net: Name=PB5
Added Pin To Net: NetName=PB6 Pin=U5-42
Added Pin To Net: NetName=PB6 Pin=U6-42
Added Net: Name=PB6
Added Pin To Net: NetName=PB7 Pin=U5-43
Added Pin To Net: NetName=PB7 Pin=U6-43
Added Net: Name=PB7
Added Pin To Net: NetName=PC13 Pin=U5-2
Added Pin To Net: NetName=PC13 Pin=U6-2
Added Net: Name=PC13
Added Pin To Net: NetName=PC14 Pin=U5-3
Added Pin To Net: NetName=PC14 Pin=U6-3
Added Net: Name=PC14
Added Pin To Net: NetName=PC15 Pin=U5-4
Added Pin To Net: NetName=PC15 Pin=U6-4
Added Net: Name=PC15
