Added Component: Designator=U6(STM-UFQFPN48_M)
Add component (AddParameter): Name = "A/D Converter"; Value = "2x12-bit (10 Channel)"; VariantName = "[No Variations]"
Add component (AddParameter): Name = "ComponentLink1Description"; Value = "Manufacturer URL"; VariantName = "[No Variations]"
Add component (AddParameter): Name = "ComponentLink1URL"; Value = "http://www.st.com/web/en/home.html"; VariantName = "[No Variations]"
Add component (AddParameter): Name = "ComponentLink2Description"; Value = "Datasheet"; VariantName = "[No Variations]"
Add component (AddParameter): Name = "ComponentLink2URL"; Value = "http://www.st.com/st-web-ui/static/active/en/resource/technical/document/datasheet/CD00210843.pdf"; VariantName = "[No Variations]"
Add component (AddParameter): Name = "ComponentLink3Description"; Value = "Package Specification"; VariantName = "[No Variations]"
Add component (AddParameter): Name = "ComponentLink3URL"; Value = "http://www.st.com/st-web-ui/static/active/en/resource/technical/document/data_brief/DM00071938.pdf"; VariantName = "[No Variations]"
Add component (AddParameter): Name = "Core"; Value = "ARM Cortex-M3"; VariantName = "[No Variations]"
Add component (AddParameter): Name = "DatasheetVersion"; Value = "Rev. 6"; VariantName = "[No Variations]"
Add component (AddParameter): Name = "FLASH Size (Prog) (kB)"; Value = "32"; VariantName = "[No Variations]"
Add component (AddParameter): Name = "I/Os (High Current)"; Value = "37"; VariantName = "[No Variations]"
Add component (AddParameter): Name = "Internal RAM Size (kB)"; Value = "10"; VariantName = "[No Variations]"
Add component (AddParameter): Name = "Mounting Technology"; Value = "Surface Mount"; VariantName = "[No Variations]"
Add component (AddParameter): Name = "Operating Frequency(F) (Processor speed) (MHz)"; Value = "72"; VariantName = "[No Variations]"
Add component (AddParameter): Name = "PackageDescription"; Value = "48-Pin Ultra Thin Fine Pitch Quad Flat No-Lead, 7 x 7 x 0.6 mm Body, 0.5 mm Pitch, Exposed Pad"; VariantName = "[No Variations]"
Add component (AddParameter): Name = "PackageReference"; Value = "UFQFPN48"; VariantName = "[No Variations]"
Add component (AddParameter): Name = "PackageVersion"; Value = "Rev. 1, 04/2013"; VariantName = "[No Variations]"
Add component (AddParameter): Name = "Packing"; Value = "Tray"; VariantName = "[No Variations]"
Add component (AddParameter): Name = "PartNumber"; Value = "STM32F103C6U6A"; VariantName = "[No Variations]"
Add component (AddParameter): Name = "Supply Voltage(Vcc) min (V)"; Value = "2"; VariantName = "[No Variations]"
Added Pin To Net: NetName=+3V3 Pin=U5-1
Added Pin To Net: NetName=PC13 Pin=U5-2
Added Pin To Net: NetName=PC14 Pin=U5-3
Added Pin To Net: NetName=PC15 Pin=U5-4
Added Pin To Net: NetName=OSC_IN Pin=U5-5
Added Pin To Net: NetName=OSC_OUT Pin=U5-6
Added Pin To Net: NetName=NRST Pin=U5-7
Added Pin To Net: NetName=GND Pin=U5-8
Added Pin To Net: NetName=+3V3 Pin=U5-9
Added Pin To Net: NetName=PA0 Pin=U5-10
Added Pin To Net: NetName=PA1 Pin=U5-11
Added Pin To Net: NetName=UART2_TX Pin=U5-12
Added Pin To Net: NetName=UART2_RX Pin=U5-13
Added Pin To Net: NetName=PA4 Pin=U5-14
Added Pin To Net: NetName=PA5 Pin=U5-15
Added Pin To Net: NetName=PA6 Pin=U5-16
Added Pin To Net: NetName=PA7 Pin=U5-17
Added Pin To Net: NetName=PB0 Pin=U5-18
Added Pin To Net: NetName=PB1 Pin=U5-19
Added Pin To Net: NetName=PB2 Pin=U5-20
Added Pin To Net: NetName=PB10 Pin=U5-21
Added Pin To Net: NetName=PB11 Pin=U5-22
Added Pin To Net: NetName=GND Pin=U5-23
Added Pin To Net: NetName=+3V3 Pin=U5-24
Added Pin To Net: NetName=BLUE_LED Pin=U5-25
Added Pin To Net: NetName=STATUS Pin=U5-26
Added Pin To Net: NetName=PB14 Pin=U5-27
Added Pin To Net: NetName=PB15 Pin=U5-28
Added Pin To Net: NetName=PA8 Pin=U5-29
Added Pin To Net: NetName=UART3_TX Pin=U5-30
Added Pin To Net: NetName=UART3_RX Pin=U5-31
Added Pin To Net: NetName=USB_N Pin=U5-32
Added Pin To Net: NetName=USB_P Pin=U5-33
Added Pin To Net: NetName=SWDIO Pin=U5-34
Added Pin To Net: NetName=GND Pin=U5-35
Added Pin To Net: NetName=+3V3 Pin=U5-36
Added Pin To Net: NetName=SWCLK Pin=U5-37
Added Pin To Net: NetName=PA15 Pin=U5-38
Added Pin To Net: NetName=PB3 Pin=U5-39
Added Pin To Net: NetName=PB4 Pin=U5-40
Added Pin To Net: NetName=PB5 Pin=U5-41
Added Pin To Net: NetName=PB6 Pin=U5-42
Added Pin To Net: NetName=PB7 Pin=U5-43
Added Pin To Net: NetName=BOOT0 Pin=U5-44
Added Pin To Net: NetName=CAN1_RX Pin=U5-45
Added Pin To Net: NetName=CAN1_TX Pin=U5-46
Added Pin To Net: NetName=GND Pin=U5-47
Added Pin To Net: NetName=+3V3 Pin=U5-48
Added Pin To Net: NetName=+3V3 Pin=U6-1
Added Pin To Net: NetName=PC13 Pin=U6-2
Added Pin To Net: NetName=PC14 Pin=U6-3
Added Pin To Net: NetName=PC15 Pin=U6-4
Added Pin To Net: NetName=OSC_IN Pin=U6-5
Added Pin To Net: NetName=OSC_OUT Pin=U6-6
Added Pin To Net: NetName=NRST Pin=U6-7
Added Pin To Net: NetName=GND Pin=U6-8
Added Pin To Net: NetName=+3V3 Pin=U6-9
Added Pin To Net: NetName=PA0 Pin=U6-10
Added Pin To Net: NetName=PA1 Pin=U6-11
Added Pin To Net: NetName=UART2_TX Pin=U6-12
Added Pin To Net: NetName=UART2_RX Pin=U6-13
Added Pin To Net: NetName=PA4 Pin=U6-14
Added Pin To Net: NetName=PA5 Pin=U6-15
Added Pin To Net: NetName=PA6 Pin=U6-16
Added Pin To Net: NetName=PA7 Pin=U6-17
Added Pin To Net: NetName=PB0 Pin=U6-18
Added Pin To Net: NetName=PB1 Pin=U6-19
Added Pin To Net: NetName=PB2 Pin=U6-20
Added Pin To Net: NetName=PB10 Pin=U6-21
Added Pin To Net: NetName=PB11 Pin=U6-22
Added Pin To Net: NetName=GND Pin=U6-23
Added Pin To Net: NetName=+3V3 Pin=U6-24
Added Pin To Net: NetName=BLUE_LED Pin=U6-25
Added Pin To Net: NetName=STATUS Pin=U6-26
Added Pin To Net: NetName=PB14 Pin=U6-27
Added Pin To Net: NetName=PB15 Pin=U6-28
Added Pin To Net: NetName=PA8 Pin=U6-29
Added Pin To Net: NetName=UART3_TX Pin=U6-30
Added Pin To Net: NetName=UART3_RX Pin=U6-31
Added Pin To Net: NetName=USB_N Pin=U6-32
Added Pin To Net: NetName=USB_P Pin=U6-33
Added Pin To Net: NetName=SWDIO Pin=U6-34
Added Pin To Net: NetName=GND Pin=U6-35
Added Pin To Net: NetName=+3V3 Pin=U6-36
Added Pin To Net: NetName=SWCLK Pin=U6-37
Added Pin To Net: NetName=PA15 Pin=U6-38
Added Pin To Net: NetName=PB3 Pin=U6-39
Added Pin To Net: NetName=PB4 Pin=U6-40
Added Pin To Net: NetName=PB5 Pin=U6-41
Added Pin To Net: NetName=PB6 Pin=U6-42
Added Pin To Net: NetName=PB7 Pin=U6-43
Added Pin To Net: NetName=BOOT0 Pin=U6-44
Added Pin To Net: NetName=CAN1_RX Pin=U6-45
Added Pin To Net: NetName=CAN1_TX Pin=U6-46
Added Pin To Net: NetName=GND Pin=U6-47
Added Pin To Net: NetName=+3V3 Pin=U6-48
Added Pin To Net: NetName=GND Pin=U6-49
Added Member To Class: ClassName=[03] - CONTROLLER Member=Component C11 C0603C104M3RACTU
Added Member To Class: ClassName=[03] - CONTROLLER Member=Component U1 UA7805CKTTR
Added Member To Class: ClassName=[03] - CONTROLLER Member=Component U5 STM32F103C6T7ATR
Added Member To Class: ClassName=[03] - CONTROLLER Member=Component U6 STM32F103C6U6A
