Removed Pin From Net: NetName=GND Pin=J1-1
Removed Pin From Net: NetName=ANALOG_IN Pin=J1-2
Removed Pin From Net: NetName=ANALOG_IN Pin=J1-3
Removed Pin From Net: NetName=DIP7 Pin=J1-4
Removed Pin From Net: NetName=DIP6 Pin=J1-5
Removed Pin From Net: NetName=DIP5 Pin=J1-6
Removed Pin From Net: NetName=DIP4 Pin=J1-7
Removed Pin From Net: NetName=DIP2 Pin=J1-9
Removed Pin From Net: NetName=DIP1 Pin=J1-10
Removed Pin From Net: NetName=PB4 Pin=J1-11
Removed Pin From Net: NetName=PB3 Pin=J1-12
Removed Pin From Net: NetName=PB2 Pin=J1-13
Removed Pin From Net: NetName=PB1 Pin=J1-14
Removed Pin From Net: NetName=+3V3 Pin=J1-15
Added Pin To Net: NetName=+3V3 Pin=J1-1
Added Pin To Net: NetName=PB1 Pin=J1-2
Added Pin To Net: NetName=PB2 Pin=J1-3
Added Pin To Net: NetName=PB3 Pin=J1-4
Added Pin To Net: NetName=PB4 Pin=J1-5
Added Pin To Net: NetName=DIP1 Pin=J1-6
Added Pin To Net: NetName=DIP2 Pin=J1-7
Added Pin To Net: NetName=DIP4 Pin=J1-9
Added Pin To Net: NetName=DIP5 Pin=J1-10
Added Pin To Net: NetName=DIP6 Pin=J1-11
Added Pin To Net: NetName=DIP7 Pin=J1-12
Added Pin To Net: NetName=ANALOG_IN Pin=J1-13
Added Pin To Net: NetName=ANALOG_IN Pin=J1-14
Added Pin To Net: NetName=GND Pin=J1-15
